[debug] [2017-08-07T09:28:10.150Z] ----------------------------------------------------------------------
[debug] [2017-08-07T09:28:10.152Z] Command:      /usr/local/bin/node /usr/local/bin/firebase serve
[debug] [2017-08-07T09:28:10.152Z] CLI Version:  3.9.1
[debug] [2017-08-07T09:28:10.153Z] Platform:     darwin
[debug] [2017-08-07T09:28:10.153Z] Node Version: v6.11.1
[debug] [2017-08-07T09:28:10.153Z] Time:         Mon Aug 07 2017 17:28:10 GMT+0800 (CST)
[debug] [2017-08-07T09:28:10.153Z] ----------------------------------------------------------------------
[debug] 
[debug] [2017-08-07T09:28:10.163Z] > command requires scopes: ["email","openid","https://www.googleapis.com/auth/cloudplatformprojects.readonly","https://www.googleapis.com/auth/firebase","https://www.googleapis.com/auth/cloud-platform"]
[debug] [2017-08-07T09:28:10.163Z] > authorizing via signed-in user
[debug] [2017-08-07T09:28:10.164Z] > refreshing access token with scopes: ["email","https://www.googleapis.com/auth/cloud-platform","https://www.googleapis.com/auth/cloudplatformprojects.readonly","https://www.googleapis.com/auth/firebase","openid"]
[debug] [2017-08-07T09:28:10.165Z] >>> HTTP REQUEST POST https://www.googleapis.com/oauth2/v3/token { refresh_token: '1/e7uPJxzzcE3AA_G9hfX2FB92YBFxJnDTtsp0f-D5TQ0',
  client_id: '563584335869-fgrhgmd47bqnekij5i8b5pr03ho849e6.apps.googleusercontent.com',
  client_secret: 'j9iVZfS8kkCEFUPaAeJV0sAi',
  grant_type: 'refresh_token',
  scope: 'email https://www.googleapis.com/auth/cloud-platform https://www.googleapis.com/auth/cloudplatformprojects.readonly https://www.googleapis.com/auth/firebase openid' } 
 Mon Aug 07 2017 17:28:10 GMT+0800 (CST)
[debug] [2017-08-07T09:28:10.265Z] <<< HTTP RESPONSE 200
[debug] [2017-08-07T09:28:10.282Z] >>> HTTP REQUEST GET https://admin.firebase.com/v1/projects/taiwan-drug-abstinence-place  
 Mon Aug 07 2017 17:28:10 GMT+0800 (CST)
[debug] [2017-08-07T09:28:11.872Z] <<< HTTP RESPONSE 200
[debug] [2017-08-07T09:28:11.873Z] >>> HTTP REQUEST GET https://admin.firebase.com/v1/database/taiwan-drug-abstinence-place/tokens  
 Mon Aug 07 2017 17:28:11 GMT+0800 (CST)
[debug] [2017-08-07T09:28:13.168Z] <<< HTTP RESPONSE 200
[info] 
[info] === Serving from '/Users/jerryee/Documents/GitHub/taiwan-drug-abstinence-place'...
[info] 
[debug] [2017-08-07T09:28:13.170Z] >>> HTTP REQUEST GET https://cloudresourcemanager.googleapis.com/v1/projects/taiwan-drug-abstinence-place  
 Mon Aug 07 2017 17:28:13 GMT+0800 (CST)
[debug] [2017-08-07T09:28:14.143Z] <<< HTTP RESPONSE 200
[debug] [2017-08-07T09:28:14.143Z] >>> HTTP REQUEST GET https://mobilesdk-pa.googleapis.com/v1/projects/122548395235/clients/_:getWebAppConfig  
 Mon Aug 07 2017 17:28:14 GMT+0800 (CST)
[debug] [2017-08-07T09:28:15.584Z] <<< HTTP RESPONSE 200
[warn] ⚠  hosting: Port 5000 is not available. Trying another port...
[debug] [2017-08-07T09:28:15.605Z] >>> HTTP REQUEST GET https://cloudresourcemanager.googleapis.com/v1/projects/taiwan-drug-abstinence-place  
 Mon Aug 07 2017 17:28:15 GMT+0800 (CST)
[debug] [2017-08-07T09:28:16.478Z] <<< HTTP RESPONSE 200
[debug] [2017-08-07T09:28:16.479Z] >>> HTTP REQUEST GET https://mobilesdk-pa.googleapis.com/v1/projects/122548395235/clients/_:getWebAppConfig  
 Mon Aug 07 2017 17:28:16 GMT+0800 (CST)
[debug] [2017-08-07T09:28:17.070Z] <<< HTTP RESPONSE 200
[info] i  hosting: Serving hosting files from: public
[info] ✔  hosting: Local server: http://localhost:5004

